[2024-03-01 15:22:47,940] {taskinstance.py:903} INFO - Dependencies all met for <TaskInstance: meeting.merge_data 2024-03-01T15:22:42.819847+00:00 [queued]>
[2024-03-01 15:22:47,955] {taskinstance.py:903} INFO - Dependencies all met for <TaskInstance: meeting.merge_data 2024-03-01T15:22:42.819847+00:00 [queued]>
[2024-03-01 15:22:47,955] {taskinstance.py:1095} INFO - 
--------------------------------------------------------------------------------
[2024-03-01 15:22:47,955] {taskinstance.py:1096} INFO - Starting attempt 1 of 1
[2024-03-01 15:22:47,955] {taskinstance.py:1097} INFO - 
--------------------------------------------------------------------------------
[2024-03-01 15:22:47,964] {taskinstance.py:1115} INFO - Executing <Task(PythonOperator): merge_data> on 2024-03-01T15:22:42.819847+00:00
[2024-03-01 15:22:47,968] {standard_task_runner.py:52} INFO - Started process 13513 to run task
[2024-03-01 15:22:47,971] {standard_task_runner.py:76} INFO - Running: ['***', 'tasks', 'run', 'meeting', 'merge_data', '2024-03-01T15:22:42.819847+00:00', '--job-id', '215', '--pool', 'default_pool', '--raw', '--subdir', 'DAGS_FOLDER/first_dag.py', '--cfg-path', '/tmp/tmpjuuqohe4', '--error-file', '/tmp/tmpb7opca9m']
[2024-03-01 15:22:47,973] {standard_task_runner.py:77} INFO - Job 215: Subtask merge_data
[2024-03-01 15:22:48,006] {logging_mixin.py:109} INFO - Running <TaskInstance: meeting.merge_data 2024-03-01T15:22:42.819847+00:00 [running]> on host b272d77a87bd
[2024-03-01 15:22:48,054] {taskinstance.py:1254} INFO - Exporting the following env vars:
AIRFLOW_CTX_DAG_OWNER=***
AIRFLOW_CTX_DAG_ID=meeting
AIRFLOW_CTX_TASK_ID=merge_data
AIRFLOW_CTX_EXECUTION_DATE=2024-03-01T15:22:42.819847+00:00
AIRFLOW_CTX_DAG_RUN_ID=manual__2024-03-01T15:22:42.819847+00:00
[2024-03-01 15:22:48,071] {taskinstance.py:1463} ERROR - Task failed with exception
Traceback (most recent call last):
  File "/home/airflow/.local/lib/python3.6/site-packages/pandas/core/indexes/base.py", line 2898, in get_loc
    return self._engine.get_loc(casted_key)
  File "pandas/_libs/index.pyx", line 70, in pandas._libs.index.IndexEngine.get_loc
  File "pandas/_libs/index.pyx", line 101, in pandas._libs.index.IndexEngine.get_loc
  File "pandas/_libs/hashtable_class_helper.pxi", line 1675, in pandas._libs.hashtable.PyObjectHashTable.get_item
  File "pandas/_libs/hashtable_class_helper.pxi", line 1683, in pandas._libs.hashtable.PyObjectHashTable.get_item
KeyError: 'folderId'

The above exception was the direct cause of the following exception:

Traceback (most recent call last):
  File "/home/airflow/.local/lib/python3.6/site-packages/airflow/models/taskinstance.py", line 1165, in _run_raw_task
    self._prepare_and_execute_task_with_callbacks(context, task)
  File "/home/airflow/.local/lib/python3.6/site-packages/airflow/models/taskinstance.py", line 1283, in _prepare_and_execute_task_with_callbacks
    result = self._execute_task(context, task_copy)
  File "/home/airflow/.local/lib/python3.6/site-packages/airflow/models/taskinstance.py", line 1313, in _execute_task
    result = task_copy.execute(context=context)
  File "/home/airflow/.local/lib/python3.6/site-packages/airflow/operators/python.py", line 150, in execute
    return_value = self.execute_callable()
  File "/home/airflow/.local/lib/python3.6/site-packages/airflow/operators/python.py", line 161, in execute_callable
    return self.python_callable(*self.op_args, **self.op_kwargs)
  File "/opt/airflow/dags/first_dag.py", line 60, in merge_data
    df_summary['folderId'] = df_summary['folderId'].astype(int)
  File "/home/airflow/.local/lib/python3.6/site-packages/pandas/core/frame.py", line 2906, in __getitem__
    indexer = self.columns.get_loc(key)
  File "/home/airflow/.local/lib/python3.6/site-packages/pandas/core/indexes/base.py", line 2900, in get_loc
    raise KeyError(key) from err
KeyError: 'folderId'
[2024-03-01 15:22:48,079] {taskinstance.py:1513} INFO - Marking task as FAILED. dag_id=meeting, task_id=merge_data, execution_date=20240301T152242, start_date=20240301T152247, end_date=20240301T152248
[2024-03-01 15:22:48,103] {local_task_job.py:151} INFO - Task exited with return code 1
[2024-03-01 15:22:48,122] {local_task_job.py:261} INFO - 0 downstream tasks scheduled from follow-on schedule check
