[2024-03-09 02:51:08,329] {taskinstance.py:903} INFO - Dependencies all met for <TaskInstance: meeting_project492.fetch_meet_object 2024-03-09T02:51:07.113908+00:00 [queued]>
[2024-03-09 02:51:08,346] {taskinstance.py:903} INFO - Dependencies all met for <TaskInstance: meeting_project492.fetch_meet_object 2024-03-09T02:51:07.113908+00:00 [queued]>
[2024-03-09 02:51:08,346] {taskinstance.py:1095} INFO - 
--------------------------------------------------------------------------------
[2024-03-09 02:51:08,346] {taskinstance.py:1096} INFO - Starting attempt 1 of 1
[2024-03-09 02:51:08,346] {taskinstance.py:1097} INFO - 
--------------------------------------------------------------------------------
[2024-03-09 02:51:08,358] {taskinstance.py:1115} INFO - Executing <Task(PythonOperator): fetch_meet_object> on 2024-03-09T02:51:07.113908+00:00
[2024-03-09 02:51:08,363] {standard_task_runner.py:52} INFO - Started process 2141 to run task
[2024-03-09 02:51:08,367] {standard_task_runner.py:76} INFO - Running: ['***', 'tasks', 'run', 'meeting_project492', 'fetch_meet_object', '2024-03-09T02:51:07.113908+00:00', '--job-id', '321', '--pool', 'default_pool', '--raw', '--subdir', 'DAGS_FOLDER/first_dag.py', '--cfg-path', '/tmp/tmptyw51drz', '--error-file', '/tmp/tmpqo11uv3j']
[2024-03-09 02:51:08,372] {standard_task_runner.py:77} INFO - Job 321: Subtask fetch_meet_object
[2024-03-09 02:51:08,429] {logging_mixin.py:109} INFO - Running <TaskInstance: meeting_project492.fetch_meet_object 2024-03-09T02:51:07.113908+00:00 [running]> on host 25a7f942cb44
[2024-03-09 02:51:08,501] {taskinstance.py:1254} INFO - Exporting the following env vars:
AIRFLOW_CTX_DAG_OWNER=***
AIRFLOW_CTX_DAG_ID=meeting_project492
AIRFLOW_CTX_TASK_ID=fetch_meet_object
AIRFLOW_CTX_EXECUTION_DATE=2024-03-09T02:51:07.113908+00:00
AIRFLOW_CTX_DAG_RUN_ID=manual__2024-03-09T02:51:07.113908+00:00
[2024-03-09 02:51:11,754] {taskinstance.py:1463} ERROR - Task failed with exception
Traceback (most recent call last):
  File "/home/airflow/.local/lib/python3.6/site-packages/sqlalchemy/engine/base.py", line 1267, in _execute_context
    cursor, statement, context
  File "/home/airflow/.local/lib/python3.6/site-packages/sqlalchemy/engine/default.py", line 611, in do_execute_no_params
    cursor.execute(statement)
psycopg2.errors.UndefinedTable: relation "meetobj" does not exist
LINE 1: select * from meetObj;
                      ^


The above exception was the direct cause of the following exception:

Traceback (most recent call last):
  File "/home/airflow/.local/lib/python3.6/site-packages/airflow/models/taskinstance.py", line 1165, in _run_raw_task
    self._prepare_and_execute_task_with_callbacks(context, task)
  File "/home/airflow/.local/lib/python3.6/site-packages/airflow/models/taskinstance.py", line 1283, in _prepare_and_execute_task_with_callbacks
    result = self._execute_task(context, task_copy)
  File "/home/airflow/.local/lib/python3.6/site-packages/airflow/models/taskinstance.py", line 1313, in _execute_task
    result = task_copy.execute(context=context)
  File "/home/airflow/.local/lib/python3.6/site-packages/airflow/operators/python.py", line 150, in execute
    return_value = self.execute_callable()
  File "/home/airflow/.local/lib/python3.6/site-packages/airflow/operators/python.py", line 161, in execute_callable
    return self.python_callable(*self.op_args, **self.op_kwargs)
  File "/opt/airflow/dags/first_dag.py", line 20, in fetch_data
    df = pd.read_sql(f'select * from {table};', con)
  File "/home/airflow/.local/lib/python3.6/site-packages/pandas/io/sql.py", line 515, in read_sql
    chunksize=chunksize,
  File "/home/airflow/.local/lib/python3.6/site-packages/pandas/io/sql.py", line 1295, in read_query
    result = self.execute(*args)
  File "/home/airflow/.local/lib/python3.6/site-packages/pandas/io/sql.py", line 1162, in execute
    *args, **kwargs
  File "/home/airflow/.local/lib/python3.6/site-packages/sqlalchemy/engine/base.py", line 2235, in execute
    return connection.execute(statement, *multiparams, **params)
  File "/home/airflow/.local/lib/python3.6/site-packages/sqlalchemy/engine/base.py", line 1003, in execute
    return self._execute_text(object_, multiparams, params)
  File "/home/airflow/.local/lib/python3.6/site-packages/sqlalchemy/engine/base.py", line 1178, in _execute_text
    parameters,
  File "/home/airflow/.local/lib/python3.6/site-packages/sqlalchemy/engine/base.py", line 1317, in _execute_context
    e, statement, parameters, cursor, context
  File "/home/airflow/.local/lib/python3.6/site-packages/sqlalchemy/engine/base.py", line 1511, in _handle_dbapi_exception
    sqlalchemy_exception, with_traceback=exc_info[2], from_=e
  File "/home/airflow/.local/lib/python3.6/site-packages/sqlalchemy/util/compat.py", line 182, in raise_
    raise exception
  File "/home/airflow/.local/lib/python3.6/site-packages/sqlalchemy/engine/base.py", line 1267, in _execute_context
    cursor, statement, context
  File "/home/airflow/.local/lib/python3.6/site-packages/sqlalchemy/engine/default.py", line 611, in do_execute_no_params
    cursor.execute(statement)
sqlalchemy.exc.ProgrammingError: (psycopg2.errors.UndefinedTable) relation "meetobj" does not exist
LINE 1: select * from meetObj;
                      ^

[SQL: select * from meetObj;]
(Background on this error at: http://sqlalche.me/e/13/f405)
[2024-03-09 02:51:11,757] {taskinstance.py:1513} INFO - Marking task as FAILED. dag_id=meeting_project492, task_id=fetch_meet_object, execution_date=20240309T025107, start_date=20240309T025108, end_date=20240309T025111
[2024-03-09 02:51:11,791] {local_task_job.py:151} INFO - Task exited with return code 1
[2024-03-09 02:51:11,820] {local_task_job.py:261} INFO - 0 downstream tasks scheduled from follow-on schedule check
